
========================================
Dashboard Update Script
Started at: 2025-10-27 20:00:01.226955 
========================================

Working directory: /Users/favstats/Dropbox/reclamer 

[1] "en_US.UTF-8/en_US.UTF-8/en_US.UTF-8/C/en_US.UTF-8/en_US.UTF-8"
Locale set to: en_US.UTF-8/en_US.UTF-8/en_US.UTF-8/C/en_US.UTF-8/en_US.UTF-8 

Loading packages...

--- Rendering Dashboard ---
✅ Dashboard rendered successfully!

--- Git Operations ---
Files changed: 3 
Adding files to git...
✅ Files added
Committing changes...
✅ Committed: Auto-update dashboard: 2025-10-27 
Pushing to remote...
✅ Pushed successfully!

========================================
Script completed successfully!
Finished at: 2025-10-27 20:01:52.944871 
========================================

========================================
Dashboard Update Script
Started at: 2025-10-28 20:00:01.44413 
========================================

Working directory: /Users/favstats/Dropbox/reclamer 

[1] "en_US.UTF-8/en_US.UTF-8/en_US.UTF-8/C/en_US.UTF-8/en_US.UTF-8"
Locale set to: en_US.UTF-8/en_US.UTF-8/en_US.UTF-8/C/en_US.UTF-8/en_US.UTF-8 

Loading packages...

--- Rendering Dashboard ---
✅ Dashboard rendered successfully!

--- Git Operations ---
Files changed: 3 
Adding files to git...
✅ Files added
Committing changes...
✅ Committed: Auto-update dashboard: 2025-10-28 
Pushing to remote...
✅ Pushed successfully!

========================================
Script completed successfully!
Finished at: 2025-10-28 20:02:05.020146 
========================================
